<?xml version="1.0" encoding="UTF-8"?>
<testsuite xmlns:xsi="http://www.w3.org/2001/XMLSchema-instance" xsi:noNamespaceSchemaLocation="https://maven.apache.org/surefire/maven-surefire-plugin/xsd/surefire-test-report-3.0.xsd" version="3.0" name="org.example.validaciones.ValidacionSeguroTest" time="0.066" tests="13" errors="0" skipped="0" failures="0">
  <properties>
[...]
</properties>
  <testcase name="validarNombreAseguradoLon" classname="org.example.validaciones.ValidacionSeguroTest" time="0.025"/>
  <testcase name="fechaInicioCoberturaCorrecta" classname="org.example.validaciones.ValidacionSeguroTest" time="0.004"/>
  <testcase name="validarNombreAseguradoCorrecto" classname="org.example.validaciones.ValidacionSeguroTest" time="0.002"/>
  <testcase name="validarEdadAseguradoInCorrecto" classname="org.example.validaciones.ValidacionSeguroTest" time="0.001"/>
  <testcase name="validarBeneficiarioInCorrecto" classname="org.example.validaciones.ValidacionSeguroTest" time="0.002"/>
  <testcase name="validarBeneficiarioInCorrectoMax" classname="org.example.validaciones.ValidacionSeguroTest" time="0.001"/>
  <testcase name="validarNombreAseguradoInCorrecto" classname="org.example.validaciones.ValidacionSeguroTest" time="0.001"/>
  <testcase name="fechaInicioCoberturaInCorrecta" classname="org.example.validaciones.ValidacionSeguroTest" time="0.001"/>
  <testcase name="validarMontoCoberturaMax" classname="org.example.validaciones.ValidacionSeguroTest" time="0.004"/>
  <testcase name="validarMontoCoberturaCorrecto" classname="org.example.validaciones.ValidacionSeguroTest" time="0.002"/>
  <testcase name="validarEdadAseguradoCorrecto" classname="org.example.validaciones.ValidacionSeguroTest" time="0.001"/>
  <testcase name="validarEdadAseguradoMax" classname="org.example.validaciones.ValidacionSeguroTest" time="0.001"/>
  <testcase name="validarBeneficiarioCorrecto" classname="org.example.validaciones.ValidacionSeguroTest" time="0.001"/>
</testsuite>